<?xml version="1.0" encoding="UTF-8"?>
<testsuite xmlns:xsi="http://www.w3.org/2001/XMLSchema-instance" xsi:noNamespaceSchemaLocation="https://maven.apache.org/surefire/maven-surefire-plugin/xsd/surefire-test-report-3.0.xsd" version="3.0" name="com.itau.desafio.DesafioApplicationTests" time="6.516" tests="1" errors="0" skipped="0" failures="0">
  <properties>
[...]
</properties>
  <testcase name="contextLoads" classname="com.itau.desafio.DesafioApplicationTests" time="0.012">
    <system-out><![CDATA[19:16:23.690 [main] INFO org.springframework.test.context.support.AnnotationConfigContextLoaderUtils -- Could not detect default configuration classes for test class [com.itau.desafio.DesafioApplicationTests]: DesafioApplicationTests does not declare any static, non-private, non-final, nested classes annotated with @Configuration.
19:16:23.909 [main] INFO org.springframework.boot.test.context.SpringBootTestContextBootstrapper -- Found @SpringBootConfiguration com.itau.desafio.DesafioApplication for test class com.itau.desafio.DesafioApplicationTests

  .   ____          _            __ _ _
 /\\ / ___'_ __ _ _(_)_ __  __ _ \ \ \ \
( ( )\___ | '_ | '_| | '_ \/ _` | \ \ \ \
 \\/  ___)| |_)| | | | | || (_| |  ) ) ) )
  '  |____| .__|_| |_|_| |_\__, | / / / /
 =========|_|==============|___/=/_/_/_/
 :: Spring Boot ::               (v3.1.10)

2024-03-26T19:16:24.710-03:00  INFO 37432 --- [           main] c.itau.desafio.DesafioApplicationTests   : Starting DesafioApplicationTests using Java 17.0.10 with PID 37432 (started by Fábio in C:\tmp\desafio-livre-dt-it-final\desafio)
2024-03-26T19:16:24.713-03:00  INFO 37432 --- [           main] c.itau.desafio.DesafioApplicationTests   : No active profile set, falling back to 1 default profile: "default"
2024-03-26T19:16:25.790-03:00  INFO 37432 --- [           main] .s.d.r.c.RepositoryConfigurationDelegate : Bootstrapping Spring Data JPA repositories in DEFAULT mode.
2024-03-26T19:16:25.849-03:00  INFO 37432 --- [           main] .s.d.r.c.RepositoryConfigurationDelegate : Finished Spring Data repository scanning in 50 ms. Found 1 JPA repository interface.
2024-03-26T19:16:26.350-03:00  INFO 37432 --- [           main] o.f.c.internal.license.VersionPrinter    : Flyway Community Edition 9.16.3 by Redgate
2024-03-26T19:16:26.350-03:00  INFO 37432 --- [           main] o.f.c.internal.license.VersionPrinter    : See release notes here: https://rd.gt/416ObMi
2024-03-26T19:16:26.350-03:00  INFO 37432 --- [           main] o.f.c.internal.license.VersionPrinter    : 
2024-03-26T19:16:26.364-03:00  INFO 37432 --- [           main] com.zaxxer.hikari.HikariDataSource       : HikariPool-1 - Starting...
2024-03-26T19:16:26.694-03:00  INFO 37432 --- [           main] com.zaxxer.hikari.pool.HikariPool        : HikariPool-1 - Added connection conn0: url=jdbc:h2:mem:testdb user=SA
2024-03-26T19:16:26.697-03:00  INFO 37432 --- [           main] com.zaxxer.hikari.HikariDataSource       : HikariPool-1 - Start completed.
2024-03-26T19:16:26.710-03:00  INFO 37432 --- [           main] o.f.c.i.database.base.BaseDatabaseType   : Database: jdbc:h2:mem:testdb (H2 2.1)
2024-03-26T19:16:26.787-03:00  INFO 37432 --- [           main] o.f.c.i.s.JdbcTableSchemaHistory         : Schema history table "PUBLIC"."flyway_schema_history" does not exist yet
2024-03-26T19:16:26.790-03:00  INFO 37432 --- [           main] o.f.core.internal.command.DbValidate     : Successfully validated 1 migration (execution time 00:00.015s)
2024-03-26T19:16:26.796-03:00  INFO 37432 --- [           main] o.f.c.i.s.JdbcTableSchemaHistory         : Creating Schema History table "PUBLIC"."flyway_schema_history" ...
2024-03-26T19:16:26.820-03:00  INFO 37432 --- [           main] o.f.core.internal.command.DbMigrate      : Current version of schema "PUBLIC": << Empty Schema >>
2024-03-26T19:16:26.826-03:00  INFO 37432 --- [           main] o.f.core.internal.command.DbMigrate      : Migrating schema "PUBLIC" to version "1 - Cria tabel veiculos e insere dados"
2024-03-26T19:16:26.839-03:00  INFO 37432 --- [           main] o.f.core.internal.command.DbMigrate      : Successfully applied 1 migration to schema "PUBLIC", now at version v1 (execution time 00:00.021s)
2024-03-26T19:16:26.946-03:00  INFO 37432 --- [           main] o.hibernate.jpa.internal.util.LogHelper  : HHH000204: Processing PersistenceUnitInfo [name: default]
2024-03-26T19:16:27.033-03:00  INFO 37432 --- [           main] org.hibernate.Version                    : HHH000412: Hibernate ORM core version 6.2.22.Final
2024-03-26T19:16:27.036-03:00  INFO 37432 --- [           main] org.hibernate.cfg.Environment            : HHH000406: Using bytecode reflection optimizer
2024-03-26T19:16:27.228-03:00  INFO 37432 --- [           main] o.s.o.j.p.SpringPersistenceUnitInfo      : No LoadTimeWeaver setup: ignoring JPA class transformer
2024-03-26T19:16:28.128-03:00  INFO 37432 --- [           main] o.h.e.t.j.p.i.JtaPlatformInitiator       : HHH000489: No JTA platform available (set 'hibernate.transaction.jta.platform' to enable JTA platform integration)
2024-03-26T19:16:28.131-03:00  INFO 37432 --- [           main] j.LocalContainerEntityManagerFactoryBean : Initialized JPA EntityManagerFactory for persistence unit 'default'
2024-03-26T19:16:28.465-03:00  INFO 37432 --- [           main] o.s.d.j.r.query.QueryEnhancerFactory     : Hibernate is in classpath; If applicable, HQL parser will be used.
2024-03-26T19:16:29.104-03:00  WARN 37432 --- [           main] JpaBaseConfiguration$JpaWebConfiguration : spring.jpa.open-in-view is enabled by default. Therefore, database queries may be performed during view rendering. Explicitly configure spring.jpa.open-in-view to disable this warning
2024-03-26T19:16:29.968-03:00  INFO 37432 --- [           main] c.itau.desafio.DesafioApplicationTests   : Started DesafioApplicationTests in 5.708 seconds (process running for 8.769)
]]></system-out>
  </testcase>
</testsuite>